#
# There is insufficient memory for the Java Runtime Environment to continue.
# Native memory allocation (mmap) failed to map 67108864 bytes for G1 virtual space
# Possible reasons:
#   The system is out of physical RAM or swap space
#   The process is running with CompressedOops enabled, and the Java Heap may be blocking the growth of the native heap
# Possible solutions:
#   Reduce memory load on the system
#   Increase physical memory or swap space
#   Check if swap backing store is full
#   Decrease Java heap size (-Xmx/-Xms)
#   Decrease number of Java threads
#   Decrease Java thread stack sizes (-Xss)
#   Set larger code cache with -XX:ReservedCodeCacheSize=
#   JVM is running with Unscaled Compressed Oops mode in which the Java heap is
#     placed in the first 4GB address space. The Java Heap base address is the
#     maximum limit for the native heap growth. Please use -XX:HeapBaseMinAddress
#     to set the Java Heap base and to place the Java Heap above 4GB virtual address.
# This output file may be truncated or incomplete.
#
#  Out of Memory Error (os_windows.cpp:3600), pid=12444, tid=17600
#
# JRE version:  (21.0.2+13) (build )
# Java VM: Java HotSpot(TM) 64-Bit Server VM (21.0.2+13-LTS-58, mixed mode, sharing, tiered, compressed oops, compressed class ptrs, g1 gc, windows-amd64)
# No core dump will be written. Minidumps are not enabled by default on client versions of Windows
#

---------------  S U M M A R Y ------------

Command Line: -Dfile.encoding=UTF-8 -Dstdout.encoding=UTF-8 -Dstderr.encoding=UTF-8 -XX:+ShowCodeDetailsInExceptionMessages test.RunApp

Host: Intel(R) Core(TM) i5-8265U CPU @ 1.60GHz, 8 cores, 3G,  Windows 10 , 64 bit Build 19041 (10.0.19041.3636)
Time: Sat Apr 13 14:47:32 2024 SE Asia Standard Time elapsed time: 0.058930 seconds (0d 0h 0m 0s)

---------------  T H R E A D  ---------------

Current thread (0x00000291959169a0):  JavaThread "Unknown thread" [_thread_in_vm, id=17600, stack(0x000000d1f5d00000,0x000000d1f5e00000) (1024K)]

Stack: [0x000000d1f5d00000,0x000000d1f5e00000]
Native frames: (J=compiled Java code, j=interpreted, Vv=VM code, C=native code)
V  [jvm.dll+0x6cade9]
V  [jvm.dll+0x8569c1]
V  [jvm.dll+0x858d2e]
V  [jvm.dll+0x859413]
V  [jvm.dll+0x280e56]
V  [jvm.dll+0x6c74d5]
V  [jvm.dll+0x6bbeca]
V  [jvm.dll+0x355bca]
V  [jvm.dll+0x35d816]
V  [jvm.dll+0x3ae67e]
V  [jvm.dll+0x3ae928]
V  [jvm.dll+0x3295dc]
V  [jvm.dll+0x32a16b]
V  [jvm.dll+0x81efa9]
V  [jvm.dll+0x3bba01]
V  [jvm.dll+0x807928]
V  [jvm.dll+0x44f50e]
V  [jvm.dll+0x450e11]
C  [jli.dll+0x52a3]
C  [ucrtbase.dll+0x21bb2]
C  [KERNEL32.DLL+0x17344]
C  [ntdll.dll+0x526b1]


---------------  P R O C E S S  ---------------

Threads class SMR info:
_java_thread_list=0x00007ff8cd1ebb88, length=0, elements={
}

Java Threads: ( => current thread )
Total: 0

Other Threads:
  0x0000029195b6da90 WorkerThread "GC Thread#0"                     [id=24304, stack(0x000000d1f5e00000,0x000000d1f5f00000) (1024K)]
  0x0000029195b77de0 ConcurrentGCThread "G1 Main Marker"            [id=18020, stack(0x000000d1f5f00000,0x000000d1f6000000) (1024K)]
  0x0000029195b79140 WorkerThread "G1 Conc#0"                       [id=23804, stack(0x000000d1f6000000,0x000000d1f6100000) (1024K)]

[error occurred during error reporting (printing all threads), id 0xc0000005, EXCEPTION_ACCESS_VIOLATION (0xc0000005) at pc=0x00007ff8cc95c6a7]
VM state: not at safepoint (not fully initialized)

VM Mutex/Monitor currently owned by a thread:  ([mutex/lock_event])
[0x00007ff8cd25ce68] Heap_lock - owner thread: 0x00000291959169a0

Heap address: 0x00000000c1e00000, size: 994 MB, Compressed Oops mode: 32-bit

CDS archive(s) mapped at: [0x0000000000000000-0x0000000000000000-0x0000000000000000), size 0, SharedBaseAddress: 0x0000000800000000, ArchiveRelocationMode: 1.
Narrow klass base: 0x0000000000000000, Narrow klass shift: 0, Narrow klass range: 0x0

GC Precious Log:
 CardTable entry size: 512
 Card Set container configuration: InlinePtr #cards 5 size 8 Array Of Cards #cards 12 size 40 Howl #buckets 4 coarsen threshold 1843 Howl Bitmap #cards 512 size 80 coarsen threshold 460 Card regions per heap region 1 cards per card region 2048

Heap:
 garbage-first heap   total 0K, used 0K [0x00000000c1e00000, 0x0000000100000000)
  region size 1024K, 0 young (0K), 0 survivors (0K)

[error occurred during error reporting (printing heap information), id 0xc0000005, EXCEPTION_ACCESS_VIOLATION (0xc0000005) at pc=0x00007ff8ccd439f9]
GC Heap History (0 events):
No events

Dll operation events (1 events):
Event: 0.038 Loaded shared library C:\Program Files\Java\jdk-21\bin\java.dll

Deoptimization events (0 events):
No events

Classes loaded (0 events):
No events

Classes unloaded (0 events):
No events

Classes redefined (0 events):
No events

Internal exceptions (0 events):
No events

ZGC Phase Switch (0 events):
No events

VM Operations (0 events):
No events

Events (0 events):
No events


Dynamic libraries:
0x00007ff605580000 - 0x00007ff605590000 	C:\Program Files\Java\jdk-21\bin\javaw.exe
0x00007ff93e9b0000 - 0x00007ff93eba8000 	C:\WINDOWS\SYSTEM32\ntdll.dll
0x00007ff93e090000 - 0x00007ff93e14d000 	C:\WINDOWS\System32\KERNEL32.DLL
0x00007ff93c420000 - 0x00007ff93c716000 	C:\WINDOWS\System32\KERNELBASE.dll
0x00007ff93c750000 - 0x00007ff93c850000 	C:\WINDOWS\System32\ucrtbase.dll
0x00007ff929120000 - 0x00007ff929139000 	C:\Program Files\Java\jdk-21\bin\jli.dll
0x00007ff93e430000 - 0x00007ff93e4e0000 	C:\WINDOWS\System32\ADVAPI32.dll
0x00007ff928b80000 - 0x00007ff928b9b000 	C:\Program Files\Java\jdk-21\bin\VCRUNTIME140.dll
0x00007ff93e8d0000 - 0x00007ff93e96e000 	C:\WINDOWS\System32\msvcrt.dll
0x00007ff93dda0000 - 0x00007ff93de40000 	C:\WINDOWS\System32\sechost.dll
0x00007ff93e540000 - 0x00007ff93e665000 	C:\WINDOWS\System32\RPCRT4.dll
0x00007ff93c300000 - 0x00007ff93c327000 	C:\WINDOWS\System32\bcrypt.dll
0x00007ff93e280000 - 0x00007ff93e41e000 	C:\WINDOWS\System32\USER32.dll
0x00007ff93c720000 - 0x00007ff93c742000 	C:\WINDOWS\System32\win32u.dll
0x00007ff91dff0000 - 0x00007ff91e28a000 	C:\WINDOWS\WinSxS\amd64_microsoft.windows.common-controls_6595b64144ccf1df_6.0.19041.3636_none_60b6a03d71f818d5\COMCTL32.dll
0x00007ff93e680000 - 0x00007ff93e6ab000 	C:\WINDOWS\System32\GDI32.dll
0x00007ff93c850000 - 0x00007ff93c967000 	C:\WINDOWS\System32\gdi32full.dll
0x00007ff93c380000 - 0x00007ff93c41d000 	C:\WINDOWS\System32\msvcp_win.dll
0x00007ff92f750000 - 0x00007ff92f75a000 	C:\WINDOWS\SYSTEM32\VERSION.dll
0x00007ff93ca40000 - 0x00007ff93ca72000 	C:\WINDOWS\System32\IMM32.DLL
0x00007ff9364d0000 - 0x00007ff9364dc000 	C:\Program Files\Java\jdk-21\bin\vcruntime140_1.dll
0x00007ff91c110000 - 0x00007ff91c19e000 	C:\Program Files\Java\jdk-21\bin\msvcp140.dll
0x00007ff8cc620000 - 0x00007ff8cd337000 	C:\Program Files\Java\jdk-21\bin\server\jvm.dll
0x00007ff93df10000 - 0x00007ff93df7b000 	C:\WINDOWS\System32\WS2_32.dll
0x00007ff93b600000 - 0x00007ff93b64b000 	C:\WINDOWS\SYSTEM32\POWRPROF.dll
0x00007ff921370000 - 0x00007ff921397000 	C:\WINDOWS\SYSTEM32\WINMM.dll
0x00007ff93b470000 - 0x00007ff93b482000 	C:\WINDOWS\SYSTEM32\UMPDC.dll
0x00007ff93a8d0000 - 0x00007ff93a8e2000 	C:\WINDOWS\SYSTEM32\kernel.appcore.dll
0x00007ff9345d0000 - 0x00007ff9345da000 	C:\Program Files\Java\jdk-21\bin\jimage.dll
0x00007ff93a590000 - 0x00007ff93a774000 	C:\WINDOWS\SYSTEM32\DBGHELP.DLL
0x00007ff92f830000 - 0x00007ff92f864000 	C:\WINDOWS\SYSTEM32\dbgcore.DLL
0x00007ff93c1c0000 - 0x00007ff93c242000 	C:\WINDOWS\System32\bcryptPrimitives.dll
0x00007ff928ad0000 - 0x00007ff928aef000 	C:\Program Files\Java\jdk-21\bin\java.dll

dbghelp: loaded successfully - version: 4.0.5 - missing functions: none
symbol engine: initialized successfully - sym options: 0x614 - pdb path: .;C:\Program Files\Java\jdk-21\bin;C:\WINDOWS\SYSTEM32;C:\WINDOWS\WinSxS\amd64_microsoft.windows.common-controls_6595b64144ccf1df_6.0.19041.3636_none_60b6a03d71f818d5;C:\Program Files\Java\jdk-21\bin\server

VM Arguments:
jvm_args: -Dfile.encoding=UTF-8 -Dstdout.encoding=UTF-8 -Dstderr.encoding=UTF-8 -XX:+ShowCodeDetailsInExceptionMessages 
java_command: test.RunApp
java_class_path (initial): D:\Eclipse\workspace\NMCNPM\bin;D:\Eclipse\workspace\NMCNPM\src\lib\mssql-jdbc-12.6.1.jre11.jar;D:\Eclipse\workspace\NMCNPM\src\lib\mssql-jdbc-12.6.1.jre11-javadoc.jar;D:\Eclipse\workspace\NMCNPM\src\lib\mssql-jdbc-12.6.1.jre11-sources.jar;D:\Eclipse\workspace\NMCNPM\src\lib\mssql-jdbc-12.6.1.jre8.jar;D:\Eclipse\workspace\NMCNPM\src\lib\mssql-jdbc-12.6.1.jre8-javadoc.jar;D:\Eclipse\workspace\NMCNPM\src\lib\mssql-jdbc-12.6.1.jre8-sources.jar
Launcher Type: SUN_STANDARD

[Global flags]
     intx CICompilerCount                          = 4                                         {product} {ergonomic}
     uint ConcGCThreads                            = 2                                         {product} {ergonomic}
     uint G1ConcRefinementThreads                  = 8                                         {product} {ergonomic}
   size_t G1HeapRegionSize                         = 1048576                                   {product} {ergonomic}
    uintx GCDrainStackTargetSize                   = 64                                        {product} {ergonomic}
   size_t InitialHeapSize                          = 67108864                                  {product} {ergonomic}
   size_t MarkStackSize                            = 4194304                                   {product} {ergonomic}
   size_t MaxHeapSize                              = 1042284544                                {product} {ergonomic}
   size_t MinHeapDeltaBytes                        = 1048576                                   {product} {ergonomic}
   size_t MinHeapSize                              = 8388608                                   {product} {ergonomic}
    uintx NonNMethodCodeHeapSize                   = 5839372                                {pd product} {ergonomic}
    uintx NonProfiledCodeHeapSize                  = 122909434                              {pd product} {ergonomic}
    uintx ProfiledCodeHeapSize                     = 122909434                              {pd product} {ergonomic}
    uintx ReservedCodeCacheSize                    = 251658240                              {pd product} {ergonomic}
     bool SegmentedCodeCache                       = true                                      {product} {ergonomic}
     bool ShowCodeDetailsInExceptionMessages       = true                                   {manageable} {command line}
   size_t SoftMaxHeapSize                          = 1042284544                             {manageable} {ergonomic}
     bool UseCompressedOops                        = true                           {product lp64_product} {ergonomic}
     bool UseG1GC                                  = true                                      {product} {ergonomic}
     bool UseLargePagesIndividualAllocation        = false                                  {pd product} {ergonomic}

Logging:
Log output configuration:
 #0: stdout all=warning uptime,level,tags foldmultilines=false
 #1: stderr all=off uptime,level,tags foldmultilines=false

Environment Variables:
PATH=C:\Program Files\Common Files\Oracle\Java\javapath;C:\Program Files (x86)\Common Files\Oracle\Java\javapath;C:\WINDOWS\system32;C:\WINDOWS;C:\WINDOWS\System32\Wbem;C:\WINDOWS\System32\WindowsPowerShell\v1.0\;C:\WINDOWS\System32\OpenSSH\;C:\Program Files (x86)\Microsoft SQL Server\160\Tools\Binn\;C:\Program Files\Microsoft SQL Server\160\Tools\Binn\;C:\Program Files\Microsoft SQL Server\Client SDK\ODBC\170\Tools\Binn\;C:\Program Files\Microsoft SQL Server\160\DTS\Binn\;C:\Program Files (x86)\Microsoft SQL Server\160\DTS\Binn\;C:\Program Files\Git\cmd;C:\Users\conne\AppData\Local\Microsoft\WindowsApps;C:\Users\conne\AppData\Local\Programs\Microsoft VS Code\bin;C:\mingw64\bin;C:\Users\conne\Downloads\sqljdbc_12.6\enu\auth\x64;
USERNAME=conne
OS=Windows_NT
PROCESSOR_IDENTIFIER=Intel64 Family 6 Model 142 Stepping 12, GenuineIntel
TMP=C:\Users\conne\AppData\Local\Temp
TEMP=C:\Users\conne\AppData\Local\Temp




Periodic native trim disabled

---------------  S Y S T E M  ---------------

OS:
 Windows 10 , 64 bit Build 19041 (10.0.19041.3636)
OS uptime: 1 days 3:10 hours

CPU: total 8 (initial active 8) (4 cores per cpu, 2 threads per core) family 6 model 142 stepping 12 microcode 0xf8, cx8, cmov, fxsr, ht, mmx, 3dnowpref, sse, sse2, sse3, ssse3, sse4.1, sse4.2, popcnt, lzcnt, tsc, tscinvbit, avx, avx2, aes, erms, clmul, bmi1, bmi2, adx, fma, vzeroupper, clflush, clflushopt, rdtscp, f16c
Processor Information for all 8 processors :
  Max Mhz: 1800, Current Mhz: 1600, Mhz Limit: 1584

Memory: 4k page, system-wide physical 3971M (345M free)
TotalPageFile size 13893M (AvailPageFile size 37M)
current process WorkingSet (physical memory assigned to process): 10M, peak: 10M
current process commit charge ("private bytes"): 59M, peak: 123M

vm_info: Java HotSpot(TM) 64-Bit Server VM (21.0.2+13-LTS-58) for windows-amd64 JRE (21.0.2+13-LTS-58), built on 2024-01-05T18:32:24Z by "mach5one" with MS VC++ 17.1 (VS2022)

END.
